Application started @ 2015-11-17 21:54:52.318000
Start backup update sync main process
Calling robocopy
Robocopy complete
Start archive cleanup main process
get all folders & sort by create datetime
Starting cleanup
2 archive snapshots removed
Start snapshot main process
Starting snapshot archiving
Check existing snapshot, and overwrite
Start copy
Application started @ 2015-11-17 21:57:39.123000
Start backup update sync main process
Calling robocopy
Robocopy complete
Start archive cleanup main process
get all folders & sort by create datetime
Starting cleanup
0 archive snapshots removed
Start snapshot main process
Starting snapshot archiving
Check existing snapshot, and overwrite
Start copy
Application started @ 2015-11-17 21:58:10.245000
Start backup update sync main process
Calling robocopy
Robocopy complete
Start archive cleanup main process
get all folders & sort by create datetime
Starting cleanup
1 archive snapshots removed
Start snapshot main process
Starting snapshot archiving
Check existing snapshot, and overwrite
Start copy
Application started @ 2015-11-17 21:58:50.686000
Start backup update sync main process
Calling robocopy
Robocopy complete
Start archive cleanup main process
get all folders & sort by create datetime
Starting cleanup
2 archive snapshots removed
Start snapshot main process
Starting snapshot archiving
Check existing snapshot, and overwrite
Start copy
Application started @ 2015-11-17 22:01:15.861000
Application started @ 2015-11-17 22:03:26.395000
Source path is invalid
Application started @ 2015-11-17 22:04:01.304000
Source path is invalid
Application started @ 2015-11-17 22:04:37.559000
Source path is invalid
Application started @ 2015-11-17 22:04:50.377000
Source path is invalid
Application started @ 2015-11-17 22:05:30.178000
Application started @ 2015-11-17 22:05:40.732000
Source path is invalid
Application started @ 2015-11-17 22:05:56.774000
Source path is invalid
Application started @ 2015-11-17 22:07:09.099000
Source path is invalid
Application started @ 2015-11-17 22:10:34.099000
Source path is invalid
Start backup update sync main process
Calling robocopy
Robocopy complete
Start archive cleanup main process
get all folders & sort by create datetime
Starting cleanup
2 archive snapshots removed
Start snapshot main process
Starting snapshot archiving
Check existing snapshot, and overwrite
Start copy
Application started @ 2015-11-17 22:12:21.715000
Application started @ 2015-11-17 22:18:12.200000
Source path is invalid
Start backup update sync main process
Calling robocopy
Robocopy complete
Start archive cleanup main process
get all folders & sort by create datetime
Starting cleanup
3 archive snapshots removed
Start snapshot main process
Starting snapshot archiving
Application started @ 2015-11-17 22:18:40.400000
Source path is invalid
Start backup update sync main process
Calling robocopy
Robocopy complete
Start archive cleanup main process
get all folders & sort by create datetime
Starting cleanup
2 archive snapshots removed
Start snapshot main process
Starting snapshot archiving
Check existing snapshot, and overwrite
Start copy
Application started @ 2015-11-17 22:20:45.428000
Source path is invalid
Start backup update sync main process
Calling robocopy
Robocopy complete
Start archive cleanup main process
get all folders & sort by create datetime
Starting cleanup
3 archive snapshots removed
Start snapshot main process
Starting snapshot archiving
Check existing snapshot, and overwrite
Start copy
Application started @ 2015-11-18 09:11:05.707000
Source path is invalid
Start backup update sync main process
Calling robocopy
Robocopy complete
Start archive cleanup main process
get all folders & sort by create datetime
Starting cleanup
0 archive snapshots removed
Start snapshot main process
Starting snapshot archiving
Check existing snapshot, and overwrite
Start copy
Application started @ 2015-11-18 10:00:54.485000
Source path is invalid
Start backup update sync main process
Calling robocopy
Robocopy complete
Start archive cleanup main process
get all folders & sort by create datetime
Starting cleanup
1 archive snapshots removed
Start snapshot main process
Starting snapshot archiving
Check existing snapshot, and overwrite
Start copy
Application started @ 2015-11-18 10:03:17.430000
Source path is invalid
Start backup update sync main process
Calling robocopy
Robocopy complete
Start archive cleanup main process
get all folders & sort by create datetime
Starting cleanup
2 archive snapshots removed
Start snapshot main process
Starting snapshot archiving
Check existing snapshot, and overwrite
Start copy
Application started @ 2015-11-18 10:03:45.172000
Source path is invalid
Start backup update sync main process
Calling robocopy
Robocopy complete
Start archive cleanup main process
get all folders & sort by create datetime
Starting cleanup
3 archive snapshots removed
Start snapshot main process
Starting snapshot archiving
Check existing snapshot, and overwrite
Start copy
Application started @ 2015-11-18 10:18:03.118000
Source path is invalid
Start backup update sync main process
Calling robocopy
Robocopy complete
Start archive cleanup main process
get all folders & sort by create datetime
Starting cleanup
2 archive snapshots removed
Start snapshot main process
Starting snapshot archiving
Check existing snapshot, and overwrite
Start copy
Application started @ 2015-11-18 10:18:35.598000
Source path is invalid
Start backup update sync main process
Calling robocopy
Robocopy complete
Start archive cleanup main process
get all folders & sort by create datetime
Starting cleanup
3 archive snapshots removed
Start snapshot main process
Starting snapshot archiving
Check existing snapshot, and overwrite
Start copy
Application started @ 2015-11-18 10:19:48.404000
Source path is invalid
Start backup update sync main process
Calling robocopy
Robocopy complete
Start archive cleanup main process
get all folders & sort by create datetime
Starting cleanup
2 archive snapshots removed
Start snapshot main process
Starting snapshot archiving
Check existing snapshot, and overwrite
Start copy
Application started @ 2015-11-18 10:21:54.620000
Source path is invalid
Start backup update sync main process
Calling robocopy
Robocopy complete
Start archive cleanup main process
get all folders & sort by create datetime
Starting cleanup
3 archive snapshots removed
Start snapshot main process
Starting snapshot archiving
Check existing snapshot, and overwrite
Start copy
Application started @ 2015-11-18 10:22:15.294000
Source path is invalid
Start backup update sync main process
Calling robocopy
Robocopy complete
Start archive cleanup main process
get all folders & sort by create datetime
Starting cleanup
0 archive snapshots removed
Start snapshot main process
Starting snapshot archiving
Check existing snapshot, and overwrite
Start copy
Application started @ 2015-11-18 10:39:54.427000
Source path is invalid
Start backup update sync main process
Calling robocopy
Robocopy complete
Start archive cleanup main process
get all folders & sort by create datetime
Starting cleanup
1 archive snapshots removed
Start snapshot main process
Starting snapshot archiving
Check existing snapshot, and overwrite
Start copy
Application started @ 2015-11-18 10:45:36.612000
Source path is invalid
Start backup update sync main process
Calling robocopy
Robocopy complete
Start archive cleanup main process
get all folders & sort by create datetime
Starting cleanup
0 archive snapshots removed
Start snapshot main process
Starting snapshot archiving
Check existing snapshot, and overwrite
Start copy
Application started @ 2015-11-18 10:46:49.344000
Source path is invalid
Start backup update sync main process
Calling robocopy
Robocopy complete
Start archive cleanup main process
get all folders & sort by create datetime
Starting cleanup
1 archive snapshots removed
Start snapshot main process
Starting snapshot archiving
Check existing snapshot, and overwrite
Start copy
Application started @ 2015-11-18 10:49:46.486000
Source path is invalid
Start backup update sync main process
Calling robocopy
Robocopy complete
Start archive cleanup main process
get all folders & sort by create datetime
Starting cleanup
2 archive snapshots removed
Start snapshot main process
Starting snapshot archiving
Check existing snapshot, and overwrite
Start copy
Application started @ 2015-11-18 10:54:00.168000
Source path is invalid
Start backup update sync main process
Calling robocopy
Robocopy complete
Start archive cleanup main process
get all folders & sort by create datetime
Starting cleanup
3 archive snapshots removed
Application started @ 2015-11-18 10:54:53.664000
Source path is invalid
Start backup update sync main process
Calling robocopy
Robocopy complete
Start archive cleanup main process
get all folders & sort by create datetime
Starting cleanup
2 archive snapshots removed
Start snapshot main process
Starting snapshot archiving
Check existing snapshot, and overwrite
Start copy
Application started @ 2015-11-18 10:55:17.284000
Source path is invalid
Start backup update sync main process
Calling robocopy
Robocopy complete
Start archive cleanup main process
get all folders & sort by create datetime
Starting cleanup
0 archive snapshots removed
Start snapshot main process
Starting snapshot archiving
Check existing snapshot, and overwrite
Start copy
Application started @ 2015-11-18 10:56:04.269000
Source path is invalid
Start backup update sync main process
Calling robocopy
Robocopy complete
Start archive cleanup main process
get all folders & sort by create datetime
Starting cleanup
0 archive snapshots removed
Start snapshot main process
Starting snapshot archiving
Check existing snapshot, and overwrite
Start copy
Application started @ 2015-11-18 10:56:24.282000
Source path is invalid
Start backup update sync main process
Calling robocopy
Robocopy complete
Start archive cleanup main process
get all folders & sort by create datetime
Starting cleanup
1 archive snapshots removed
Start snapshot main process
Starting snapshot archiving
Check existing snapshot, and overwrite
Start copy
Application started @ 2015-11-18 10:57:36.752000
Source path is invalid
Start backup update sync main process
Calling robocopy
Robocopy complete
Start archive cleanup main process
get all folders & sort by create datetime
Starting cleanup
0 archive snapshots removed
Start snapshot main process
Starting snapshot archiving
Check existing snapshot, and overwrite
Start copy
Application started @ 2015-11-18 10:59:38.847000
Source path is invalid
Start backup update sync main process
Calling robocopy
Robocopy complete
Start archive cleanup main process
get all folders & sort by create datetime
Starting cleanup
1 archive snapshots removed
Application started @ 2015-11-18 11:02:49.003000
Source path is invalid
Start backup update sync main process
Calling robocopy
Robocopy complete
Start archive cleanup main process
get all folders & sort by create datetime
Starting cleanup
1 archive snapshots removed
Start snapshot main process
Starting snapshot archiving
Check existing snapshot, and overwrite
Start copy
Application started @ 2015-11-18 11:06:28.051000
Source path is invalid
Start backup update sync main process
Calling robocopy
Robocopy complete
Start archive cleanup main process
get all folders & sort by create datetime
Starting cleanup
2 archive snapshots removed
Application started @ 2015-11-18 11:07:15.919000
Source path is invalid
Start backup update sync main process
Calling robocopy
Robocopy complete
Start archive cleanup main process
get all folders & sort by create datetime
Starting cleanup
2 archive snapshots removed
Application started @ 2015-11-18 11:07:28.846000
Source path is invalid
Start backup update sync main process
Calling robocopy
Robocopy complete
Start archive cleanup main process
get all folders & sort by create datetime
Starting cleanup
2 archive snapshots removed
Application started @ 2015-11-18 11:09:01.719000
Source path is invalid
Start backup update sync main process
Calling robocopy
Robocopy complete
Start archive cleanup main process
get all folders & sort by create datetime
Starting cleanup
2 archive snapshots removed
Start snapshot main process
Starting snapshot archiving
Check existing snapshot, and overwrite
Start copy
Application started @ 2015-11-18 11:09:40.202000
Source path is invalid
Start backup update sync main process
Calling robocopy
Robocopy complete
Start archive cleanup main process
get all folders & sort by create datetime
Starting cleanup
3 archive snapshots removed
Start snapshot main process
Starting snapshot archiving
Check existing snapshot, and overwrite
Start copy
Application started @ 2015-11-18 11:10:03.893000
Source path is invalid
Start backup update sync main process
Calling robocopy
Robocopy complete
Start archive cleanup main process
get all folders & sort by create datetime
Starting cleanup
2 archive snapshots removed
Start snapshot main process
Starting snapshot archiving
Check existing snapshot, and overwrite
Start copy
Application started @ 2015-11-18 11:21:36.552000
Source path is invalid
Start backup update sync main process
Calling robocopy
Robocopy complete
Start archive cleanup main process
get all folders & sort by create datetime
Starting cleanup
3 archive snapshots removed
Start snapshot main process
Starting snapshot archiving
Check existing snapshot, and overwrite
Start copy
Application started @ 2015-11-18 11:22:08.391000
Source path is invalid
Start backup update sync main process
Calling robocopy
Robocopy complete
Start archive cleanup main process
get all folders & sort by create datetime
Starting cleanup
3 archive snapshots removed
Application started @ 2015-11-18 11:46:43.040000
Source path is invalid
Start backup update sync main process
Calling robocopy
Robocopy complete
Start archive cleanup main process
get all folders & sort by create datetime
Starting cleanup
2 archive snapshots removed
Application started @ 2015-11-18 11:48:18
Source path is invalid
Start backup update sync main process
Calling robocopy
Robocopy complete
Start archive cleanup main process
get all folders & sort by create datetime
Starting cleanup
2 archive snapshots removed
Application started @ 2015-11-18 12:06:50.260000
Source path is invalid
Start backup update sync main process
Calling robocopy
Robocopy complete
Start archive cleanup main process
get all folders & sort by create datetime
Starting cleanup
2 archive snapshots removed
Application started @ 2015-11-18 12:08:52.174000
Source path is invalid
Start backup update sync main process
Calling robocopy
Robocopy complete
Start archive cleanup main process
get all folders & sort by create datetime
Starting cleanup
2 archive snapshots removed
Start snapshot main process
Starting snapshot archiving
Check existing snapshot, and overwrite
Start copy
Application started @ 2015-11-18 12:09:29.258000
Source path is invalid
Start backup update sync main process
Calling robocopy
Robocopy complete
Start archive cleanup main process
get all folders & sort by create datetime
Starting cleanup
0 archive snapshots removed
Start snapshot main process
Starting snapshot archiving
Check existing snapshot, and overwrite
Start copy
Application started @ 2015-11-18 12:10:21.668000
Source path is invalid
Start backup update sync main process
Calling robocopy
Robocopy complete
Start snapshot main process
Starting snapshot archiving
Check existing snapshot, and overwrite
Start copy
Application started @ 2015-11-18 12:10:40.686000
Source path is invalid
Start backup update sync main process
Calling robocopy
Robocopy complete
Start snapshot main process
Starting snapshot archiving
Check existing snapshot, and overwrite
Start copy
Application started @ 2015-11-18 12:11:10.699000
Source path is invalid
Start backup update sync main process
Calling robocopy
Robocopy complete
Start snapshot main process
Application started @ 2015-11-18 12:31:07.195000
Source path is invalid
Start backup update sync main process
Calling robocopy
Robocopy complete
Start snapshot main process
Application started @ 2015-11-18 14:21:09.283000
Source path is invalid
Start backup update sync main process
Calling robocopy
Robocopy complete
get all folders & sort by create datetime
Starting cleanup
Application started @ 2015-11-18 14:22:36.237000
Source path is invalid
Start backup update sync main process
Calling robocopy
Robocopy complete
get all folders & sort by create datetime
Starting cleanup
3 archive snapshots removed
Application started @ 2015-11-18 14:22:47.759000
Source path is invalid
Start backup update sync main process
Calling robocopy
Robocopy complete
get all folders & sort by create datetime
Starting cleanup
0 archive snapshots removed
Application started @ 2015-11-18 14:22:54.681000
Source path is invalid
Start backup update sync main process
Calling robocopy
Robocopy complete
get all folders & sort by create datetime
Starting cleanup
1 archive snapshots removed
Application started @ 2015-11-18 14:23:06.356000
Source path is invalid
Start backup update sync main process
Calling robocopy
Robocopy complete
get all folders & sort by create datetime
Starting cleanup
1 archive snapshots removed
Application started @ 2015-11-18 14:23:19.347000
Source path is invalid
Start backup update sync main process
Calling robocopy
Robocopy complete
get all folders & sort by create datetime
Starting cleanup
2 archive snapshots removed
Application started @ 2015-11-18 14:23:23.798000
Source path is invalid
Start backup update sync main process
Calling robocopy
Robocopy complete
get all folders & sort by create datetime
Starting cleanup
2 archive snapshots removed
Application started @ 2015-11-18 14:23:32.438000
Source path is invalid
Start backup update sync main process
Calling robocopy
Robocopy complete
get all folders & sort by create datetime
Starting cleanup
2 archive snapshots removed
Application started @ 2015-11-18 14:23:36.418000
Source path is invalid
Start backup update sync main process
Calling robocopy
Robocopy complete
get all folders & sort by create datetime
Starting cleanup
2 archive snapshots removed
Application started @ 2015-11-18 14:23:38.638000
Source path is invalid
Start backup update sync main process
Calling robocopy
Robocopy complete
get all folders & sort by create datetime
Starting cleanup
2 archive snapshots removed
Application started @ 2015-11-18 14:23:42.721000
Source path is invalid
Start backup update sync main process
Calling robocopy
Robocopy complete
get all folders & sort by create datetime
Starting cleanup
2 archive snapshots removed
Application started @ 2015-11-18 14:23:48.080000
Source path is invalid
Start backup update sync main process
Calling robocopy
Robocopy complete
get all folders & sort by create datetime
Starting cleanup
2 archive snapshots removed
Application started @ 2015-11-18 14:23:56.020000
Source path is invalid
Start backup update sync main process
Calling robocopy
Robocopy complete
get all folders & sort by create datetime
Starting cleanup
2 archive snapshots removed
Application started @ 2015-11-18 14:24:04.150000
Source path is invalid
Start backup update sync main process
Calling robocopy
Robocopy complete
get all folders & sort by create datetime
Starting cleanup
2 archive snapshots removed
Application started @ 2015-11-18 14:24:25.484000
Source path is invalid
Start backup update sync main process
Calling robocopy
Robocopy complete
get all folders & sort by create datetime
Starting cleanup
3 archive snapshots removed
Application started @ 2015-11-18 14:24:27.277000
Source path is invalid
Start backup update sync main process
Calling robocopy
Robocopy complete
get all folders & sort by create datetime
Starting cleanup
2 archive snapshots removed
Application started @ 2015-11-18 14:24:29.560000
Source path is invalid
Start backup update sync main process
Calling robocopy
Robocopy complete
get all folders & sort by create datetime
Starting cleanup
2 archive snapshots removed
Application started @ 2015-11-18 14:24:34.871000
Source path is invalid
Start backup update sync main process
Calling robocopy
Robocopy complete
get all folders & sort by create datetime
Starting cleanup
2 archive snapshots removed
Application started @ 2015-11-18 14:24:40.411000
Source path is invalid
Start backup update sync main process
Calling robocopy
Robocopy complete
get all folders & sort by create datetime
Starting cleanup
2 archive snapshots removed
Application started @ 2015-11-18 14:24:45.599000
Source path is invalid
Start backup update sync main process
Calling robocopy
Robocopy complete
get all folders & sort by create datetime
Starting cleanup
2 archive snapshots removed
Application started @ 2015-11-18 14:24:48.009000
Source path is invalid
Start backup update sync main process
Calling robocopy
Robocopy complete
get all folders & sort by create datetime
Starting cleanup
2 archive snapshots removed
Application started @ 2015-11-18 14:24:50.176000
Source path is invalid
Start backup update sync main process
Calling robocopy
Robocopy complete
get all folders & sort by create datetime
Starting cleanup
2 archive snapshots removed
Application started @ 2015-11-18 14:24:52.465000
Source path is invalid
Start backup update sync main process
Calling robocopy
Robocopy complete
get all folders & sort by create datetime
Starting cleanup
2 archive snapshots removed
Application started @ 2015-11-18 14:24:55.574000
Source path is invalid
Start backup update sync main process
Calling robocopy
Robocopy complete
get all folders & sort by create datetime
Starting cleanup
2 archive snapshots removed
Application started @ 2015-11-18 14:25:03.368000
Source path is invalid
Start backup update sync main process
Calling robocopy
Robocopy complete
get all folders & sort by create datetime
Starting cleanup
2 archive snapshots removed
Application started @ 2015-11-18 14:26:05.985000
Source path is invalid
Start backup update sync main process
Calling robocopy
Robocopy complete
get all folders & sort by create datetime
Starting cleanup
3 archive snapshots removed
Application started @ 2015-11-18 14:27:04.028000
Source path is invalid
Start backup update sync main process
Calling robocopy
Robocopy complete
get all folders & sort by create datetime
Starting cleanup
3 archive snapshots removed
Application started @ 2015-11-18 14:32:41.108000
get all folders & sort by create datetime
Starting cleanup
3 archive snapshots removed
Application started @ 2015-11-18 14:32:56.836000
get all folders & sort by create datetime
Starting cleanup
3 archive snapshots removed
Application started @ 2015-11-18 14:33:13.726000
get all folders & sort by create datetime
Starting cleanup
2 archive snapshots removed
Application started @ 2015-11-18 14:34:46.877000
Calling robocopy
Robocopy complete
Application started @ 2015-11-18 14:35:28.648000
Calling robocopy
Robocopy complete
Application started @ 2015-11-18 14:35:42.553000
Calling robocopy
Robocopy complete
Application started @ 2015-11-18 14:36:31.295000
Calling robocopy
Robocopy complete
Application started @ 2015-11-18 14:36:38.104000
get all folders & sort by create datetime
Starting cleanup
3 archive snapshots removed
Application started @ 2015-11-18 14:37:34.346000
get all folders & sort by create datetime
Starting cleanup
3 archive snapshots removed
Application started @ 2015-11-18 14:38:00.056000
get all folders & sort by create datetime
Starting cleanup
3 archive snapshots removed
